This file contains any messages produced by compilers while
running configure, to aid debugging if configure makes a mistake.

It was created by configure, which was
generated by GNU Autoconf 2.69.  Invocation command line was

  $ ./configure 

## --------- ##
## Platform. ##
## --------- ##

hostname = DESKTOP-P47UEAE
uname -m = x86_64
uname -r = 4.4.0-19041-Microsoft
uname -s = Linux
uname -v = #1237-Microsoft Sat Sep 11 14:32:00 PST 2021

/usr/bin/uname -p = unknown
/bin/uname -X     = unknown

/bin/arch              = x86_64
/usr/bin/arch -k       = unknown
/usr/convex/getsysinfo = unknown
/usr/bin/hostinfo      = unknown
/bin/machine           = unknown
/usr/bin/oslevel       = unknown
/bin/universe          = unknown

PATH: /usr/local/sbin
PATH: /usr/local/bin
PATH: /usr/sbin
PATH: /usr/bin
PATH: /sbin
PATH: /bin
PATH: /usr/games
PATH: /usr/local/games
PATH: /mnt/c/Program Files/WindowsApps/36828agowa338.AlpineWSL_1.6.1.0_x64__my43bytk1c4nr
PATH: /mnt/c/WINDOWS/system32
PATH: /mnt/c/WINDOWS
PATH: /mnt/c/WINDOWS/System32/Wbem
PATH: /mnt/c/WINDOWS/System32/WindowsPowerShell/v1.0/
PATH: /mnt/c/WINDOWS/System32/OpenSSH/
PATH: /mnt/c/Program Files/Intel/TXE Components/DAL/
PATH: /mnt/c/Program Files (x86)/Intel/TXE Components/DAL/
PATH: /mnt/c/Program Files/Intel/TXE Components/IPT/
PATH: /mnt/c/Program Files (x86)/Intel/TXE Components/IPT/
PATH: /mnt/c/Program Files/Intel/WiFi/bin/
PATH: /mnt/c/Program Files/Common Files/Intel/WirelessCommon/
PATH: /mnt/c/Users/ab25c/AppData/Local/Microsoft/WindowsApps


## ----------- ##
## Core tests. ##
## ----------- ##

configure:2158: checking for gcc
configure:2174: found /usr/bin/gcc
configure:2185: result: gcc
configure:2414: checking for C compiler version
configure:2423: gcc --version >&5
gcc (Alpine 10.3.1_git20211027) 10.3.1 20211027
Copyright (C) 2020 Free Software Foundation, Inc.
This is free software; see the source for copying conditions.  There is NO
warranty; not even for MERCHANTABILITY or FITNESS FOR A PARTICULAR PURPOSE.

configure:2434: $? = 0
configure:2423: gcc -v >&5
Using built-in specs.
COLLECT_GCC=gcc
COLLECT_LTO_WRAPPER=/usr/libexec/gcc/x86_64-alpine-linux-musl/10.3.1/lto-wrapper
Target: x86_64-alpine-linux-musl
Configured with: /home/buildozer/aports/main/gcc/src/gcc-10.3.1_git20211027/configure --prefix=/usr --mandir=/usr/share/man --infodir=/usr/share/info --build=x86_64-alpine-linux-musl --host=x86_64-alpine-linux-musl --target=x86_64-alpine-linux-musl --with-pkgversion='Alpine 10.3.1_git20211027' --enable-checking=release --disable-fixed-point --disable-libstdcxx-pch --disable-multilib --disable-nls --disable-werror --disable-symvers --enable-__cxa_atexit --enable-default-pie --enable-default-ssp --enable-cloog-backend --enable-languages=c,c++,d,objc,go,fortran,ada --disable-libssp --disable-libmpx --disable-libmudflap --disable-libsanitizer --enable-shared --enable-threads --enable-tls --with-system-zlib --with-linker-hash-style=gnu
Thread model: posix
Supported LTO compression algorithms: zlib
gcc version 10.3.1 20211027 (Alpine 10.3.1_git20211027) 
configure:2434: $? = 0
configure:2423: gcc -V >&5
gcc: error: unrecognized command-line option '-V'
gcc: fatal error: no input files
compilation terminated.
configure:2434: $? = 1
configure:2423: gcc -qversion >&5
gcc: error: unrecognized command-line option '-qversion'; did you mean '--version'?
gcc: fatal error: no input files
compilation terminated.
configure:2434: $? = 1
configure:2454: checking whether the C compiler works
configure:2476: gcc    conftest.c  >&5
configure:2480: $? = 0
configure:2528: result: yes
configure:2531: checking for C compiler default output file name
configure:2533: result: a.out
configure:2539: checking for suffix of executables
configure:2546: gcc -o conftest    conftest.c  >&5
configure:2550: $? = 0
configure:2572: result: 
configure:2594: checking whether we are cross compiling
configure:2602: gcc -o conftest    conftest.c  >&5
configure:2606: $? = 0
configure:2613: ./conftest
configure:2617: $? = 0
configure:2632: result: no
configure:2637: checking for suffix of object files
configure:2659: gcc -c   conftest.c >&5
configure:2663: $? = 0
configure:2684: result: o
configure:2688: checking whether we are using the GNU C compiler
configure:2707: gcc -c   conftest.c >&5
configure:2707: $? = 0
configure:2716: result: yes
configure:2725: checking whether gcc accepts -g
configure:2745: gcc -c -g  conftest.c >&5
configure:2745: $? = 0
configure:2786: result: yes
configure:2803: checking for gcc option to accept ISO C89
configure:2866: gcc  -c -g -O2  conftest.c >&5
configure:2866: $? = 0
configure:2879: result: none needed
configure:2942: checking for a BSD-compatible install
configure:3010: result: /usr/bin/install -c
configure:3027: checking how to run the C preprocessor
configure:3058: gcc -E  conftest.c
configure:3058: $? = 0
configure:3072: gcc -E  conftest.c
conftest.c:9:10: fatal error: ac_nonexistent.h: No such file or directory
    9 | #include <ac_nonexistent.h>
      |          ^~~~~~~~~~~~~~~~~~
compilation terminated.
configure:3072: $? = 1
configure: failed program was:
| /* confdefs.h */
| #define PACKAGE_NAME ""
| #define PACKAGE_TARNAME ""
| #define PACKAGE_VERSION ""
| #define PACKAGE_STRING ""
| #define PACKAGE_BUGREPORT ""
| #define PACKAGE_URL ""
| /* end confdefs.h.  */
| #include <ac_nonexistent.h>
configure:3097: result: gcc -E
configure:3117: gcc -E  conftest.c
configure:3117: $? = 0
configure:3131: gcc -E  conftest.c
conftest.c:9:10: fatal error: ac_nonexistent.h: No such file or directory
    9 | #include <ac_nonexistent.h>
      |          ^~~~~~~~~~~~~~~~~~
compilation terminated.
configure:3131: $? = 1
configure: failed program was:
| /* confdefs.h */
| #define PACKAGE_NAME ""
| #define PACKAGE_TARNAME ""
| #define PACKAGE_VERSION ""
| #define PACKAGE_STRING ""
| #define PACKAGE_BUGREPORT ""
| #define PACKAGE_URL ""
| /* end confdefs.h.  */
| #include <ac_nonexistent.h>
configure:3160: checking for grep that handles long lines and -e
configure:3218: result: /bin/grep
configure:3223: checking for egrep
configure:3285: result: /bin/grep -E
configure:3290: checking for ANSI C header files
configure:3310: gcc -c -g -O2  conftest.c >&5
configure:3310: $? = 0
configure:3383: gcc -o conftest -g -O2   conftest.c  >&5
configure:3383: $? = 0
configure:3383: ./conftest
configure:3383: $? = 0
configure:3394: result: yes
configure:3407: checking for sys/types.h
configure:3407: gcc -c -g -O2  conftest.c >&5
configure:3407: $? = 0
configure:3407: result: yes
configure:3407: checking for sys/stat.h
configure:3407: gcc -c -g -O2  conftest.c >&5
configure:3407: $? = 0
configure:3407: result: yes
configure:3407: checking for stdlib.h
configure:3407: gcc -c -g -O2  conftest.c >&5
configure:3407: $? = 0
configure:3407: result: yes
configure:3407: checking for string.h
configure:3407: gcc -c -g -O2  conftest.c >&5
configure:3407: $? = 0
configure:3407: result: yes
configure:3407: checking for memory.h
configure:3407: gcc -c -g -O2  conftest.c >&5
configure:3407: $? = 0
configure:3407: result: yes
configure:3407: checking for strings.h
configure:3407: gcc -c -g -O2  conftest.c >&5
configure:3407: $? = 0
configure:3407: result: yes
configure:3407: checking for inttypes.h
configure:3407: gcc -c -g -O2  conftest.c >&5
configure:3407: $? = 0
configure:3407: result: yes
configure:3407: checking for stdint.h
configure:3407: gcc -c -g -O2  conftest.c >&5
configure:3407: $? = 0
configure:3407: result: yes
configure:3407: checking for unistd.h
configure:3407: gcc -c -g -O2  conftest.c >&5
configure:3407: $? = 0
configure:3407: result: yes
configure:3419: checking whether byte ordering is bigendian
configure:3434: gcc -c -g -O2  conftest.c >&5
conftest.c:20:9: error: unknown type name 'not'
   20 |         not a universal capable compiler
      |         ^~~
conftest.c:20:15: error: expected '=', ',', ';', 'asm' or '__attribute__' before 'universal'
   20 |         not a universal capable compiler
      |               ^~~~~~~~~
conftest.c:20:15: error: unknown type name 'universal'
configure:3434: $? = 1
configure: failed program was:
| /* confdefs.h */
| #define PACKAGE_NAME ""
| #define PACKAGE_TARNAME ""
| #define PACKAGE_VERSION ""
| #define PACKAGE_STRING ""
| #define PACKAGE_BUGREPORT ""
| #define PACKAGE_URL ""
| #define STDC_HEADERS 1
| #define HAVE_SYS_TYPES_H 1
| #define HAVE_SYS_STAT_H 1
| #define HAVE_STDLIB_H 1
| #define HAVE_STRING_H 1
| #define HAVE_MEMORY_H 1
| #define HAVE_STRINGS_H 1
| #define HAVE_INTTYPES_H 1
| #define HAVE_STDINT_H 1
| #define HAVE_UNISTD_H 1
| /* end confdefs.h.  */
| #ifndef __APPLE_CC__
| 	       not a universal capable compiler
| 	     #endif
| 	     typedef int dummy;
| 
configure:3479: gcc -c -g -O2  conftest.c >&5
configure:3479: $? = 0
configure:3497: gcc -c -g -O2  conftest.c >&5
conftest.c: In function 'main':
conftest.c:26:4: error: unknown type name 'not'; did you mean 'ino_t'?
   26 |    not big endian
      |    ^~~
      |    ino_t
conftest.c:26:12: error: expected '=', ',', ';', 'asm' or '__attribute__' before 'endian'
   26 |    not big endian
      |            ^~~~~~
configure:3497: $? = 1
configure: failed program was:
| /* confdefs.h */
| #define PACKAGE_NAME ""
| #define PACKAGE_TARNAME ""
| #define PACKAGE_VERSION ""
| #define PACKAGE_STRING ""
| #define PACKAGE_BUGREPORT ""
| #define PACKAGE_URL ""
| #define STDC_HEADERS 1
| #define HAVE_SYS_TYPES_H 1
| #define HAVE_SYS_STAT_H 1
| #define HAVE_STDLIB_H 1
| #define HAVE_STRING_H 1
| #define HAVE_MEMORY_H 1
| #define HAVE_STRINGS_H 1
| #define HAVE_INTTYPES_H 1
| #define HAVE_STDINT_H 1
| #define HAVE_UNISTD_H 1
| /* end confdefs.h.  */
| #include <sys/types.h>
| 		#include <sys/param.h>
| 
| int
| main ()
| {
| #if BYTE_ORDER != BIG_ENDIAN
| 		 not big endian
| 		#endif
| 
|   ;
|   return 0;
| }
configure:3625: result: no
configure:3682: checking CPU type
configure:3753: checking Operating System
configure:3794: checking for main in -ldl
configure:3813: clang -o conftest -I.   conftest.c -ldl   >&5
configure:3813: $? = 0
configure:3822: result: yes
configure:3833: checking math.h usability
configure:3833: clang -c -I.  conftest.c >&5
configure:3833: $? = 0
configure:3833: result: yes
configure:3833: checking math.h presence
configure:3833: gcc -E  conftest.c
configure:3833: $? = 0
configure:3833: result: yes
configure:3833: checking for math.h
configure:3833: result: yes
configure:3840: checking for main in -lm
configure:3859: clang -o conftest -I.   conftest.c -lm   -ldl >&5
configure:3859: $? = 0
configure:3868: result: yes
configure:3875: checking iconv.h usability
configure:3875: clang -c -I.  conftest.c >&5
configure:3875: $? = 0
configure:3875: result: yes
configure:3875: checking iconv.h presence
configure:3875: gcc -E  conftest.c
configure:3875: $? = 0
configure:3875: result: yes
configure:3875: checking for iconv.h
configure:3875: result: yes
configure:3883: checking pcre.h usability
configure:3883: clang -c -I.  conftest.c >&5
configure:3883: $? = 0
configure:3883: result: yes
configure:3883: checking pcre.h presence
configure:3883: gcc -E  conftest.c
configure:3883: $? = 0
configure:3883: result: yes
configure:3883: checking for pcre.h
configure:3883: result: yes
configure:3890: checking for main in -lpcre
configure:3909: clang -o conftest -I.   conftest.c -lpcre   -ldl -lm >&5
configure:3909: $? = 0
configure:3918: result: yes
configure:3928: checking for main in -lgc
configure:3947: clang -o conftest -I.   conftest.c -lgc   -ldl -lm -lpcre >&5
configure:3947: $? = 0
configure:3956: result: yes
configure:4008: checking ncurses.h usability
configure:4008: clang -c -I.  conftest.c >&5
configure:4008: $? = 0
configure:4008: result: yes
configure:4008: checking ncurses.h presence
configure:4008: gcc -E  conftest.c
configure:4008: $? = 0
configure:4008: result: yes
configure:4008: checking for ncurses.h
configure:4008: result: yes
configure:4015: checking for main in -lncursesw
configure:4034: clang -o conftest -I.   conftest.c -lncursesw   -ldl -lm -lpcre -lgc >&5
configure:4034: $? = 0
configure:4043: result: yes
configure:4051: checking readline/readline.h usability
configure:4051: clang -c -I.  conftest.c >&5
configure:4051: $? = 0
configure:4051: result: yes
configure:4051: checking readline/readline.h presence
configure:4051: gcc -E  conftest.c
configure:4051: $? = 0
configure:4051: result: yes
configure:4051: checking for readline/readline.h
configure:4051: result: yes
configure:4058: checking for main in -lreadline
configure:4077: clang -o conftest -I.   conftest.c -lreadline   -ldl -lm -lpcre -lgc -lncursesw >&5
configure:4077: $? = 0
configure:4086: result: yes
configure:4094: checking for main in -lrt
configure:4113: clang -o conftest -I.   conftest.c -lrt   -ldl -lm -lpcre -lgc -lncursesw -lreadline >&5
configure:4113: $? = 0
configure:4122: result: yes
configure:4130: checking pthread.h usability
configure:4130: clang -c -I.  conftest.c >&5
configure:4130: $? = 0
configure:4130: result: yes
configure:4130: checking pthread.h presence
configure:4130: gcc -E  conftest.c
configure:4130: $? = 0
configure:4130: result: yes
configure:4130: checking for pthread.h
configure:4130: result: yes
configure:4137: checking for main in -lpthread
configure:4156: clang -o conftest -I.   conftest.c -lpthread   -ldl -lm -lpcre -lgc -lncursesw -lreadline -lrt >&5
configure:4156: $? = 0
configure:4165: result: yes
configure:4186: checking for lchmod
configure:4186: clang -o conftest -I.   conftest.c  -ldl -lm -lpcre -lgc -lncursesw -lreadline -lrt -lpthread >&5
configure:4186: $? = 0
configure:4186: result: yes
configure:4197: checking for execvpe
configure:4197: clang -o conftest -I.   conftest.c  -ldl -lm -lpcre -lgc -lncursesw -lreadline -lrt -lpthread >&5
configure:4197: $? = 0
configure:4197: result: yes
configure:4326: creating ./config.status

## ---------------------- ##
## Running config.status. ##
## ---------------------- ##

This file was extended by config.status, which was
generated by GNU Autoconf 2.69.  Invocation command line was

  CONFIG_FILES    = 
  CONFIG_HEADERS  = 
  CONFIG_LINKS    = 
  CONFIG_COMMANDS = 
  $ ./config.status 

on DESKTOP-P47UEAE

config.status:816: creating Makefile
config.status:816: creating config.h
config.status:991: config.h is unchanged

## ---------------- ##
## Cache variables. ##
## ---------------- ##

ac_cv_c_bigendian='no'
ac_cv_c_compiler_gnu='yes'
ac_cv_env_CC_set=''
ac_cv_env_CC_value=''
ac_cv_env_CFLAGS_set=''
ac_cv_env_CFLAGS_value=''
ac_cv_env_CPPFLAGS_set=''
ac_cv_env_CPPFLAGS_value=''
ac_cv_env_CPP_set=''
ac_cv_env_CPP_value=''
ac_cv_env_LDFLAGS_set=''
ac_cv_env_LDFLAGS_value=''
ac_cv_env_LIBS_set=''
ac_cv_env_LIBS_value=''
ac_cv_env_build_alias_set=''
ac_cv_env_build_alias_value=''
ac_cv_env_host_alias_set=''
ac_cv_env_host_alias_value=''
ac_cv_env_target_alias_set=''
ac_cv_env_target_alias_value=''
ac_cv_func_execvpe='yes'
ac_cv_func_lchmod='yes'
ac_cv_header_iconv_h='yes'
ac_cv_header_inttypes_h='yes'
ac_cv_header_math_h='yes'
ac_cv_header_memory_h='yes'
ac_cv_header_ncurses_h='yes'
ac_cv_header_pcre_h='yes'
ac_cv_header_pthread_h='yes'
ac_cv_header_readline_readline_h='yes'
ac_cv_header_stdc='yes'
ac_cv_header_stdint_h='yes'
ac_cv_header_stdlib_h='yes'
ac_cv_header_string_h='yes'
ac_cv_header_strings_h='yes'
ac_cv_header_sys_stat_h='yes'
ac_cv_header_sys_types_h='yes'
ac_cv_header_unistd_h='yes'
ac_cv_lib_dl='ac_cv_lib_dl_main'
ac_cv_lib_dl_main='yes'
ac_cv_lib_gc='ac_cv_lib_gc_main'
ac_cv_lib_gc_main='yes'
ac_cv_lib_m='ac_cv_lib_m_main'
ac_cv_lib_m_main='yes'
ac_cv_lib_ncursesw='ac_cv_lib_ncursesw_main'
ac_cv_lib_ncursesw_main='yes'
ac_cv_lib_pcre='ac_cv_lib_pcre_main'
ac_cv_lib_pcre_main='yes'
ac_cv_lib_pthread='ac_cv_lib_pthread_main'
ac_cv_lib_pthread_main='yes'
ac_cv_lib_readline='ac_cv_lib_readline_main'
ac_cv_lib_readline_main='yes'
ac_cv_lib_rt='ac_cv_lib_rt_main'
ac_cv_lib_rt_main='yes'
ac_cv_objext='o'
ac_cv_path_EGREP='/bin/grep -E'
ac_cv_path_GREP='/bin/grep'
ac_cv_path_install='/usr/bin/install -c'
ac_cv_prog_CPP='gcc -E'
ac_cv_prog_ac_ct_CC='gcc'
ac_cv_prog_cc_c89=''
ac_cv_prog_cc_g='yes'

## ----------------- ##
## Output variables. ##
## ----------------- ##

CC='clang'
CFLAGS='-I.'
CPP='gcc -E'
CPPFLAGS=''
DEFS='-DHAVE_CONFIG_H'
DESTDIR='/usr/local'
ECHO_C=''
ECHO_N='-n'
ECHO_T=''
EGREP='/bin/grep -E'
EXEEXT=''
GREP='/bin/grep'
INSTALL_DATA='${INSTALL} -m 644'
INSTALL_PROGRAM='${INSTALL}'
INSTALL_SCRIPT='${INSTALL}'
LDFLAGS=''
LIBOBJS=''
LIBS=' -ldl -lm -lpcre -lgc -lncursesw -lreadline -lrt -lpthread'
LTLIBOBJS=''
NCC=''
NCFLAGS=''
OBJEXT='o'
OS=''
PACKAGE_BUGREPORT=''
PACKAGE_NAME=''
PACKAGE_STRING=''
PACKAGE_TARNAME=''
PACKAGE_URL=''
PACKAGE_VERSION=''
PATH_SEPARATOR=':'
SHELL='/bin/sh'
ac_ct_CC='gcc'
bindir='${exec_prefix}/bin'
build_alias=''
datadir='${datarootdir}'
datarootdir='${prefix}/share'
docdir='${datarootdir}/doc/${PACKAGE}'
dvidir='${docdir}'
exec_prefix='${prefix}'
host_alias=''
htmldir='${docdir}'
includedir='${prefix}/include'
infodir='${datarootdir}/info'
libdir='${exec_prefix}/lib'
libexecdir='${exec_prefix}/libexec'
localedir='${datarootdir}/locale'
localstatedir='${prefix}/var'
mandir='${datarootdir}/man'
oldincludedir='/usr/include'
pdfdir='${docdir}'
prefix='/usr/local'
program_transform_name='s,x,x,'
psdir='${docdir}'
runstatedir='${localstatedir}/run'
sbindir='${exec_prefix}/sbin'
sharedstatedir='${prefix}/com'
sysconfdir='${prefix}/etc'
target_alias=''

## ----------- ##
## confdefs.h. ##
## ----------- ##

/* confdefs.h */
#define PACKAGE_NAME ""
#define PACKAGE_TARNAME ""
#define PACKAGE_VERSION ""
#define PACKAGE_STRING ""
#define PACKAGE_BUGREPORT ""
#define PACKAGE_URL ""
#define STDC_HEADERS 1
#define HAVE_SYS_TYPES_H 1
#define HAVE_SYS_STAT_H 1
#define HAVE_STDLIB_H 1
#define HAVE_STRING_H 1
#define HAVE_MEMORY_H 1
#define HAVE_STRINGS_H 1
#define HAVE_INTTYPES_H 1
#define HAVE_STDINT_H 1
#define HAVE_UNISTD_H 1
#define __64BIT_CPU__ 1
#define __X86_64__ 1
#define HAVE_MATH_H 1
#define HAVE_ICONV_H 1
#define HAVE_PCRE_H 1
#define HAVE_NCURSESW_H 1
#define HAVE_READLINE_H 1
#define HAVE_PTHREAD_H 1
#define HAVE_LCHMOD 1
#define HAVE_EXECVPE 1

configure: exit 0
